2021-03-04 10:56:07,762 [Worker-2: Loading available Gradle versions] INFO  o.e.b.c.i.u.g.PublishedGradleVersions - Gradle version information cache is up-to-date. Trying to read.
2021-03-04 12:23:11,545 [Worker-4: Loading available Gradle versions] INFO  o.e.b.c.i.u.g.PublishedGradleVersions - Gradle version information cache is up-to-date. Trying to read.
2021-03-04 12:24:37,250 [Worker-11: Maven 依存関係の更新中] INFO  o.e.m.c.i.l.LifecycleMappingFactory - Using org.eclipse.m2e.jdt.JarLifecycleMapping lifecycle mapping for MavenProject: com.example:demo:0.0.1-SNAPSHOT @ /Volumes/Macintosh HD - Data/Users/katayama/LetsEngineer/curriculum/demo/pom.xml.
2021-03-04 12:24:37,843 [Worker-14: ビルド] INFO  o.e.m.c.i.l.LifecycleMappingFactory - Using org.eclipse.m2e.jdt.JarLifecycleMapping lifecycle mapping for MavenProject: com.example:demo:0.0.1-SNAPSHOT @ /Volumes/Macintosh HD - Data/Users/katayama/LetsEngineer/curriculum/demo/pom.xml.
2021-03-04 12:24:39,050 [Worker-14: ビルド] INFO  o.e.m.c.i.embedder.EclipseLogger - Using 'UTF-8' encoding to copy filtered resources.
2021-03-04 12:24:39,057 [Worker-14: ビルド] INFO  o.e.m.c.i.embedder.EclipseLogger - Copying 1 resource
2021-03-04 12:24:39,080 [Worker-14: ビルド] INFO  o.e.m.c.i.embedder.EclipseLogger - Copying 3 resources
2021-03-04 12:24:39,118 [Worker-14: ビルド] INFO  o.e.m.c.i.embedder.EclipseLogger - Using 'UTF-8' encoding to copy filtered resources.
2021-03-04 12:24:39,118 [Worker-14: ビルド] INFO  o.e.m.c.i.embedder.EclipseLogger - skip non existing resourceDirectory /Volumes/Macintosh HD - Data/Users/katayama/LetsEngineer/curriculum/demo/src/test/resources
2021-03-04 12:24:40,956 [Worker-7: Maven 依存関係の更新中] INFO  o.e.m.c.i.l.LifecycleMappingFactory - Using org.eclipse.m2e.jdt.JarLifecycleMapping lifecycle mapping for MavenProject: com.example:demo:0.0.1-SNAPSHOT @ /Volumes/Macintosh HD - Data/Users/katayama/LetsEngineer/curriculum/demo/pom.xml.
2021-03-04 12:24:41,287 [Worker-3: ビルド] INFO  o.e.m.c.i.embedder.EclipseLogger - Using 'UTF-8' encoding to copy filtered resources.
2021-03-04 12:24:41,293 [Worker-3: ビルド] INFO  o.e.m.c.i.embedder.EclipseLogger - Copying 1 resource
2021-03-04 12:24:41,311 [Worker-3: ビルド] INFO  o.e.m.c.i.embedder.EclipseLogger - Copying 3 resources
2021-03-04 12:24:41,318 [Worker-3: ビルド] INFO  o.e.m.c.i.embedder.EclipseLogger - Using 'UTF-8' encoding to copy filtered resources.
2021-03-04 12:24:41,318 [Worker-3: ビルド] INFO  o.e.m.c.i.embedder.EclipseLogger - skip non existing resourceDirectory /Volumes/Macintosh HD - Data/Users/katayama/LetsEngineer/curriculum/demo/src/test/resources
2021-03-04 12:24:43,249 [Worker-13: ビルド] INFO  o.e.m.c.i.embedder.EclipseLogger - Using 'UTF-8' encoding to copy filtered resources.
2021-03-04 12:24:43,249 [Worker-13: ビルド] INFO  o.e.m.c.i.embedder.EclipseLogger - Copying 0 resource
2021-03-04 12:24:43,249 [Worker-13: ビルド] INFO  o.e.m.c.i.embedder.EclipseLogger - Copying 0 resource
2021-03-04 12:24:43,252 [Worker-13: ビルド] INFO  o.e.m.c.i.embedder.EclipseLogger - Using 'UTF-8' encoding to copy filtered resources.
2021-03-04 12:24:43,252 [Worker-13: ビルド] INFO  o.e.m.c.i.embedder.EclipseLogger - skip non existing resourceDirectory /Volumes/Macintosh HD - Data/Users/katayama/LetsEngineer/curriculum/demo/src/test/resources
